[2018-03-22 10:07:51.618] [ERROR] Error - { Error: 名称重复
    at dao.manageConnection (/Users/zgl/Documents/kmsp/Branch/Code/services/biz/adverti-biz.js:254:35)
    at tryCatcher (/Users/zgl/Documents/kmsp/Branch/Code/node_modules/bluebird/js/release/util.js:16:23)
    at Promise.successAdapter [as _fulfillmentHandler0] (/Users/zgl/Documents/kmsp/Branch/Code/node_modules/bluebird/js/release/nodeify.js:23:30)
    at Promise._settlePromise (/Users/zgl/Documents/kmsp/Branch/Code/node_modules/bluebird/js/release/promise.js:566:21)
    at Promise._settlePromise0 (/Users/zgl/Documents/kmsp/Branch/Code/node_modules/bluebird/js/release/promise.js:614:10)
    at Promise._settlePromises (/Users/zgl/Documents/kmsp/Branch/Code/node_modules/bluebird/js/release/promise.js:693:18)
    at Async._drainQueue (/Users/zgl/Documents/kmsp/Branch/Code/node_modules/bluebird/js/release/async.js:133:16)
    at Async._drainQueues (/Users/zgl/Documents/kmsp/Branch/Code/node_modules/bluebird/js/release/async.js:143:10)
    at Immediate.Async.drainQueues [as _onImmediate] (/Users/zgl/Documents/kmsp/Branch/Code/node_modules/bluebird/js/release/async.js:17:14)
    at runCallback (timers.js:800:20)
    at tryOnImmediate (timers.js:762:5)
    at processImmediate [as _immediateCallback] (timers.js:733:5) statusCode: 400, param: undefined }
[2018-03-22 10:08:25.166] [ERROR] Error - { Error: 名称重复
    at dao.manageConnection (/Users/zgl/Documents/kmsp/Branch/Code/services/biz/adverti-biz.js:254:35)
    at tryCatcher (/Users/zgl/Documents/kmsp/Branch/Code/node_modules/bluebird/js/release/util.js:16:23)
    at Promise.successAdapter [as _fulfillmentHandler0] (/Users/zgl/Documents/kmsp/Branch/Code/node_modules/bluebird/js/release/nodeify.js:23:30)
    at Promise._settlePromise (/Users/zgl/Documents/kmsp/Branch/Code/node_modules/bluebird/js/release/promise.js:566:21)
    at Promise._settlePromise0 (/Users/zgl/Documents/kmsp/Branch/Code/node_modules/bluebird/js/release/promise.js:614:10)
    at Promise._settlePromises (/Users/zgl/Documents/kmsp/Branch/Code/node_modules/bluebird/js/release/promise.js:693:18)
    at Async._drainQueue (/Users/zgl/Documents/kmsp/Branch/Code/node_modules/bluebird/js/release/async.js:133:16)
    at Async._drainQueues (/Users/zgl/Documents/kmsp/Branch/Code/node_modules/bluebird/js/release/async.js:143:10)
    at Immediate.Async.drainQueues [as _onImmediate] (/Users/zgl/Documents/kmsp/Branch/Code/node_modules/bluebird/js/release/async.js:17:14)
    at runCallback (timers.js:800:20)
    at tryOnImmediate (timers.js:762:5)
    at processImmediate [as _immediateCallback] (timers.js:733:5) statusCode: 400, param: undefined }
[2018-03-22 10:29:10.581] [ERROR] Error - { Error: 权限验证失败:未登录，请登录
    at Request.request [as _callback] (/Users/zgl/Documents/kmsp/Branch/Code/api/controllers/auth-back-ctrl.js:121:39)
    at Request.self.callback (/Users/zgl/Documents/kmsp/Branch/Code/node_modules/request/request.js:186:22)
    at Request.emit (events.js:159:13)
    at Request.<anonymous> (/Users/zgl/Documents/kmsp/Branch/Code/node_modules/request/request.js:1163:10)
    at Request.emit (events.js:159:13)
    at IncomingMessage.<anonymous> (/Users/zgl/Documents/kmsp/Branch/Code/node_modules/request/request.js:1085:12)
    at Object.onceWrapper (events.js:254:19)
    at IncomingMessage.emit (events.js:164:20)
    at endReadableNT (_stream_readable.js:1054:12)
    at _combinedTickCallback (internal/process/next_tick.js:138:11)
    at process._tickCallback (internal/process/next_tick.js:180:9) statusCode: 401, code: 401 }
[2018-03-22 10:30:48.300] [ERROR] Error - { Error: 访问未授权.
    at AuthBackCtrl.getTokenObj (/Users/zgl/Documents/kmsp/Branch/Code/api/controllers/auth-back-ctrl.js:39:29)
    at Function.getTokenObj (/Users/zgl/Documents/kmsp/Branch/Code/api/controllers/auth-back-ctrl.js:77:16)
    at Function.auth (/Users/zgl/Documents/kmsp/Branch/Code/api/controllers/auth-back-ctrl.js:37:22)
    at Function.auth (/Users/zgl/Documents/kmsp/Branch/Code/api/controllers/auth-ctrl.js:36:26)
    at funs (/Users/zgl/Documents/kmsp/Branch/Code/framework/httpServer/routes/router.js:63:26)
    at Layer.handle [as handle_request] (/Users/zgl/Documents/kmsp/Branch/Code/node_modules/express/lib/router/layer.js:95:5)
    at next (/Users/zgl/Documents/kmsp/Branch/Code/node_modules/express/lib/router/route.js:131:13)
    at listener (/Users/zgl/Documents/kmsp/Branch/Code/framework/httpServer/routes/router.js:151:9)
    at Layer.handle [as handle_request] (/Users/zgl/Documents/kmsp/Branch/Code/node_modules/express/lib/router/layer.js:95:5)
    at next (/Users/zgl/Documents/kmsp/Branch/Code/node_modules/express/lib/router/route.js:131:13)
    at Route.dispatch (/Users/zgl/Documents/kmsp/Branch/Code/node_modules/express/lib/router/route.js:112:3)
    at Layer.handle [as handle_request] (/Users/zgl/Documents/kmsp/Branch/Code/node_modules/express/lib/router/layer.js:95:5)
    at /Users/zgl/Documents/kmsp/Branch/Code/node_modules/express/lib/router/index.js:277:22
    at Function.process_params (/Users/zgl/Documents/kmsp/Branch/Code/node_modules/express/lib/router/index.js:330:12)
    at next (/Users/zgl/Documents/kmsp/Branch/Code/node_modules/express/lib/router/index.js:271:10)
    at Function.handle (/Users/zgl/Documents/kmsp/Branch/Code/node_modules/express/lib/router/index.js:176:3) statusCode: 401 }
[2018-03-22 10:48:02.827] [ERROR] Error - { Error: 名称重复
    at advertiDAO.queryOneAdvertising (/Users/zgl/Documents/kmsp/Branch/Code/services/biz/adverti-biz.js:211:39)
    at tryCatcher (/Users/zgl/Documents/kmsp/Branch/Code/node_modules/bluebird/js/release/util.js:16:23)
    at Promise.successAdapter [as _fulfillmentHandler0] (/Users/zgl/Documents/kmsp/Branch/Code/node_modules/bluebird/js/release/nodeify.js:23:30)
    at Promise._settlePromise (/Users/zgl/Documents/kmsp/Branch/Code/node_modules/bluebird/js/release/promise.js:566:21)
    at Promise._settlePromise0 (/Users/zgl/Documents/kmsp/Branch/Code/node_modules/bluebird/js/release/promise.js:614:10)
    at Promise._settlePromises (/Users/zgl/Documents/kmsp/Branch/Code/node_modules/bluebird/js/release/promise.js:693:18)
    at Async._drainQueue (/Users/zgl/Documents/kmsp/Branch/Code/node_modules/bluebird/js/release/async.js:133:16)
    at Async._drainQueues (/Users/zgl/Documents/kmsp/Branch/Code/node_modules/bluebird/js/release/async.js:143:10)
    at Immediate.Async.drainQueues [as _onImmediate] (/Users/zgl/Documents/kmsp/Branch/Code/node_modules/bluebird/js/release/async.js:17:14)
    at runCallback (timers.js:800:20)
    at tryOnImmediate (timers.js:762:5)
    at processImmediate [as _immediateCallback] (timers.js:733:5) statusCode: 400, param: undefined }
[2018-03-22 10:48:40.075] [ERROR] Error - { Error: 该广告位置已存在
    at advertiDAO.queryOneAdvertising (/Users/zgl/Documents/kmsp/Branch/Code/services/biz/adverti-biz.js:225:39)
    at tryCatcher (/Users/zgl/Documents/kmsp/Branch/Code/node_modules/bluebird/js/release/util.js:16:23)
    at Promise.successAdapter [as _fulfillmentHandler0] (/Users/zgl/Documents/kmsp/Branch/Code/node_modules/bluebird/js/release/nodeify.js:23:30)
    at Promise._settlePromise (/Users/zgl/Documents/kmsp/Branch/Code/node_modules/bluebird/js/release/promise.js:566:21)
    at Promise._settlePromise0 (/Users/zgl/Documents/kmsp/Branch/Code/node_modules/bluebird/js/release/promise.js:614:10)
    at Promise._settlePromises (/Users/zgl/Documents/kmsp/Branch/Code/node_modules/bluebird/js/release/promise.js:693:18)
    at Async._drainQueue (/Users/zgl/Documents/kmsp/Branch/Code/node_modules/bluebird/js/release/async.js:133:16)
    at Async._drainQueues (/Users/zgl/Documents/kmsp/Branch/Code/node_modules/bluebird/js/release/async.js:143:10)
    at Immediate.Async.drainQueues [as _onImmediate] (/Users/zgl/Documents/kmsp/Branch/Code/node_modules/bluebird/js/release/async.js:17:14)
    at runCallback (timers.js:800:20)
    at tryOnImmediate (timers.js:762:5)
    at processImmediate [as _immediateCallback] (timers.js:733:5) statusCode: 400, param: undefined }
[2018-03-22 19:00:03.933] [ERROR] Error - ReferenceError: promise is not defined
    at Function.loginValidate (/Users/zgl/Documents/kmsp/Branch/Code/api/controllers/auth-back-ctrl.js:168:9)
    at AuthBackCtrl.getTokenObj (/Users/zgl/Documents/kmsp/Branch/Code/api/controllers/auth-back-ctrl.js:49:26)
    at Function.getTokenObj (/Users/zgl/Documents/kmsp/Branch/Code/api/controllers/auth-back-ctrl.js:84:16)
    at Function.auth (/Users/zgl/Documents/kmsp/Branch/Code/api/controllers/auth-back-ctrl.js:39:22)
    at Function.auth (/Users/zgl/Documents/kmsp/Branch/Code/api/controllers/auth-ctrl.js:40:26)
    at funs (/Users/zgl/Documents/kmsp/Branch/Code/framework/httpServer/routes/router.js:63:26)
    at Layer.handle [as handle_request] (/Users/zgl/Documents/kmsp/Branch/Code/node_modules/express/lib/router/layer.js:95:5)
    at next (/Users/zgl/Documents/kmsp/Branch/Code/node_modules/express/lib/router/route.js:131:13)
    at listener (/Users/zgl/Documents/kmsp/Branch/Code/framework/httpServer/routes/router.js:151:9)
    at Layer.handle [as handle_request] (/Users/zgl/Documents/kmsp/Branch/Code/node_modules/express/lib/router/layer.js:95:5)
    at next (/Users/zgl/Documents/kmsp/Branch/Code/node_modules/express/lib/router/route.js:131:13)
    at Route.dispatch (/Users/zgl/Documents/kmsp/Branch/Code/node_modules/express/lib/router/route.js:112:3)
    at Layer.handle [as handle_request] (/Users/zgl/Documents/kmsp/Branch/Code/node_modules/express/lib/router/layer.js:95:5)
    at /Users/zgl/Documents/kmsp/Branch/Code/node_modules/express/lib/router/index.js:277:22
    at Function.process_params (/Users/zgl/Documents/kmsp/Branch/Code/node_modules/express/lib/router/index.js:330:12)
    at next (/Users/zgl/Documents/kmsp/Branch/Code/node_modules/express/lib/router/index.js:271:10)
[2018-03-22 19:06:10.312] [ERROR] Error - { Error: 该广告位置已存在
    at advertiDAO.queryOneAdvertising (/Users/zgl/Documents/kmsp/Branch/Code/services/biz/adverti-biz.js:225:39)
    at tryCatcher (/Users/zgl/Documents/kmsp/Branch/Code/node_modules/bluebird/js/release/util.js:16:23)
    at Promise.successAdapter [as _fulfillmentHandler0] (/Users/zgl/Documents/kmsp/Branch/Code/node_modules/bluebird/js/release/nodeify.js:23:30)
    at Promise._settlePromise (/Users/zgl/Documents/kmsp/Branch/Code/node_modules/bluebird/js/release/promise.js:566:21)
    at Promise._settlePromise0 (/Users/zgl/Documents/kmsp/Branch/Code/node_modules/bluebird/js/release/promise.js:614:10)
    at Promise._settlePromises (/Users/zgl/Documents/kmsp/Branch/Code/node_modules/bluebird/js/release/promise.js:693:18)
    at Async._drainQueue (/Users/zgl/Documents/kmsp/Branch/Code/node_modules/bluebird/js/release/async.js:133:16)
    at Async._drainQueues (/Users/zgl/Documents/kmsp/Branch/Code/node_modules/bluebird/js/release/async.js:143:10)
    at Immediate.Async.drainQueues [as _onImmediate] (/Users/zgl/Documents/kmsp/Branch/Code/node_modules/bluebird/js/release/async.js:17:14)
    at runCallback (timers.js:800:20)
    at tryOnImmediate (timers.js:762:5)
    at processImmediate [as _immediateCallback] (timers.js:733:5) statusCode: 400, param: undefined }
[2018-03-22 19:10:19.641] [ERROR] Error - { Error: 该广告位置已存在
    at advertiDAO.queryOneAdvertising (/Users/zgl/Documents/kmsp/Branch/Code/services/biz/adverti-biz.js:225:39)
    at tryCatcher (/Users/zgl/Documents/kmsp/Branch/Code/node_modules/bluebird/js/release/util.js:16:23)
    at Promise.successAdapter [as _fulfillmentHandler0] (/Users/zgl/Documents/kmsp/Branch/Code/node_modules/bluebird/js/release/nodeify.js:23:30)
    at Promise._settlePromise (/Users/zgl/Documents/kmsp/Branch/Code/node_modules/bluebird/js/release/promise.js:566:21)
    at Promise._settlePromise0 (/Users/zgl/Documents/kmsp/Branch/Code/node_modules/bluebird/js/release/promise.js:614:10)
    at Promise._settlePromises (/Users/zgl/Documents/kmsp/Branch/Code/node_modules/bluebird/js/release/promise.js:693:18)
    at Async._drainQueue (/Users/zgl/Documents/kmsp/Branch/Code/node_modules/bluebird/js/release/async.js:133:16)
    at Async._drainQueues (/Users/zgl/Documents/kmsp/Branch/Code/node_modules/bluebird/js/release/async.js:143:10)
    at Immediate.Async.drainQueues [as _onImmediate] (/Users/zgl/Documents/kmsp/Branch/Code/node_modules/bluebird/js/release/async.js:17:14)
    at runCallback (timers.js:800:20)
    at tryOnImmediate (timers.js:762:5)
    at processImmediate [as _immediateCallback] (timers.js:733:5) statusCode: 400, param: undefined }
[2018-03-22 19:12:06.394] [ERROR] Error - { Error: 登录异常，请重新登录
    at b2tGroupDao.getApiHostByShopId.then.apiHost (/Users/zgl/Documents/kmsp/Branch/Code/api/controllers/auth-back-ctrl.js:174:51)
    at tryCatcher (/Users/zgl/Documents/kmsp/Branch/Code/node_modules/bluebird/js/release/util.js:16:23)
    at Promise._settlePromiseFromHandler (/Users/zgl/Documents/kmsp/Branch/Code/node_modules/bluebird/js/release/promise.js:512:31)
    at Promise._settlePromise (/Users/zgl/Documents/kmsp/Branch/Code/node_modules/bluebird/js/release/promise.js:569:18)
    at Promise._settlePromise0 (/Users/zgl/Documents/kmsp/Branch/Code/node_modules/bluebird/js/release/promise.js:614:10)
    at Promise._settlePromises (/Users/zgl/Documents/kmsp/Branch/Code/node_modules/bluebird/js/release/promise.js:693:18)
    at Async._drainQueue (/Users/zgl/Documents/kmsp/Branch/Code/node_modules/bluebird/js/release/async.js:133:16)
    at Async._drainQueues (/Users/zgl/Documents/kmsp/Branch/Code/node_modules/bluebird/js/release/async.js:143:10)
    at Immediate.Async.drainQueues [as _onImmediate] (/Users/zgl/Documents/kmsp/Branch/Code/node_modules/bluebird/js/release/async.js:17:14)
    at runCallback (timers.js:800:20)
    at tryOnImmediate (timers.js:762:5)
    at processImmediate [as _immediateCallback] (timers.js:733:5) statusCode: 401, code: 401 }
[2018-03-22 19:12:58.055] [ERROR] Error - { Error: 登录超时，请重新登录
    at Request.request.get [as _callback] (/Users/zgl/Documents/kmsp/Branch/Code/api/controllers/auth-back-ctrl.js:185:54)
    at Request.self.callback (/Users/zgl/Documents/kmsp/Branch/Code/node_modules/request/request.js:186:22)
    at Request.emit (events.js:159:13)
    at Request.<anonymous> (/Users/zgl/Documents/kmsp/Branch/Code/node_modules/request/request.js:1163:10)
    at Request.emit (events.js:159:13)
    at IncomingMessage.<anonymous> (/Users/zgl/Documents/kmsp/Branch/Code/node_modules/request/request.js:1085:12)
    at Object.onceWrapper (events.js:254:19)
    at IncomingMessage.emit (events.js:164:20)
    at endReadableNT (_stream_readable.js:1054:12)
    at _combinedTickCallback (internal/process/next_tick.js:138:11)
    at process._tickCallback (internal/process/next_tick.js:180:9) statusCode: 401, code: 401 }
[2018-03-22 19:15:02.536] [ERROR] Error - { Error: 登录超时，请重新登录
    at Request.request.get [as _callback] (/Users/zgl/Documents/kmsp/Branch/Code/api/controllers/auth-back-ctrl.js:185:54)
    at Request.self.callback (/Users/zgl/Documents/kmsp/Branch/Code/node_modules/request/request.js:186:22)
    at Request.emit (events.js:159:13)
    at Request.<anonymous> (/Users/zgl/Documents/kmsp/Branch/Code/node_modules/request/request.js:1163:10)
    at Request.emit (events.js:159:13)
    at IncomingMessage.<anonymous> (/Users/zgl/Documents/kmsp/Branch/Code/node_modules/request/request.js:1085:12)
    at Object.onceWrapper (events.js:254:19)
    at IncomingMessage.emit (events.js:164:20)
    at endReadableNT (_stream_readable.js:1054:12)
    at _combinedTickCallback (internal/process/next_tick.js:138:11)
    at process._tickCallback (internal/process/next_tick.js:180:9) statusCode: 401, code: 401 }
[2018-03-22 19:28:50.843] [ERROR] Error - { Error: 登录超时，请重新登录
    at Request.request.get [as _callback] (/Users/zgl/Documents/kmsp/Branch/Code/api/controllers/auth-back-ctrl.js:185:54)
    at Request.self.callback (/Users/zgl/Documents/kmsp/Branch/Code/node_modules/request/request.js:186:22)
    at Request.emit (events.js:159:13)
    at Request.<anonymous> (/Users/zgl/Documents/kmsp/Branch/Code/node_modules/request/request.js:1163:10)
    at Request.emit (events.js:159:13)
    at IncomingMessage.<anonymous> (/Users/zgl/Documents/kmsp/Branch/Code/node_modules/request/request.js:1085:12)
    at Object.onceWrapper (events.js:254:19)
    at IncomingMessage.emit (events.js:164:20)
    at endReadableNT (_stream_readable.js:1054:12)
    at _combinedTickCallback (internal/process/next_tick.js:138:11)
    at process._tickCallback (internal/process/next_tick.js:180:9) statusCode: 401, code: 401 }
[2018-03-22 20:58:26.577] [ERROR] Error - { Error: 登录异常，请重新登录
    at Request.request.get [as _callback] (/Users/zgl/Documents/kmsp/Branch/Code/api/controllers/auth-back-ctrl.js:182:54)
    at Request.self.callback (/Users/zgl/Documents/kmsp/Branch/Code/node_modules/request/request.js:186:22)
    at Request.emit (events.js:159:13)
    at Request.<anonymous> (/Users/zgl/Documents/kmsp/Branch/Code/node_modules/request/request.js:1163:10)
    at Request.emit (events.js:159:13)
    at IncomingMessage.<anonymous> (/Users/zgl/Documents/kmsp/Branch/Code/node_modules/request/request.js:1085:12)
    at Object.onceWrapper (events.js:254:19)
    at IncomingMessage.emit (events.js:164:20)
    at endReadableNT (_stream_readable.js:1054:12)
    at _combinedTickCallback (internal/process/next_tick.js:138:11)
    at process._tickCallback (internal/process/next_tick.js:180:9) statusCode: 401, code: 401 }
[2018-03-22 21:00:39.326] [ERROR] Error - { Error: 登录异常，请重新登录
    at Request.request.get [as _callback] (/Users/zgl/Documents/kmsp/Branch/Code/api/controllers/auth-back-ctrl.js:182:54)
    at Request.self.callback (/Users/zgl/Documents/kmsp/Branch/Code/node_modules/request/request.js:186:22)
    at Request.emit (events.js:159:13)
    at Request.<anonymous> (/Users/zgl/Documents/kmsp/Branch/Code/node_modules/request/request.js:1163:10)
    at Request.emit (events.js:159:13)
    at IncomingMessage.<anonymous> (/Users/zgl/Documents/kmsp/Branch/Code/node_modules/request/request.js:1085:12)
    at Object.onceWrapper (events.js:254:19)
    at IncomingMessage.emit (events.js:164:20)
    at endReadableNT (_stream_readable.js:1054:12)
    at _combinedTickCallback (internal/process/next_tick.js:138:11)
    at process._tickCallback (internal/process/next_tick.js:180:9) statusCode: 401, code: 401 }
[2018-03-22 21:00:44.434] [ERROR] Error - { Error: 登录异常，请重新登录
    at Request.request.get [as _callback] (/Users/zgl/Documents/kmsp/Branch/Code/api/controllers/auth-back-ctrl.js:182:54)
    at Request.self.callback (/Users/zgl/Documents/kmsp/Branch/Code/node_modules/request/request.js:186:22)
    at Request.emit (events.js:159:13)
    at Request.<anonymous> (/Users/zgl/Documents/kmsp/Branch/Code/node_modules/request/request.js:1163:10)
    at Request.emit (events.js:159:13)
    at IncomingMessage.<anonymous> (/Users/zgl/Documents/kmsp/Branch/Code/node_modules/request/request.js:1085:12)
    at Object.onceWrapper (events.js:254:19)
    at IncomingMessage.emit (events.js:164:20)
    at endReadableNT (_stream_readable.js:1054:12)
    at _combinedTickCallback (internal/process/next_tick.js:138:11)
    at process._tickCallback (internal/process/next_tick.js:180:9) statusCode: 401, code: 401 }
