[2018-03-21 09:33:30.934] [ERROR] Error - { Error: 优惠券已被使用
    at Command.redisClient.getKCMSClient.send_command [as callback] (/Users/zgl/Documents/kmsp/Branch/Code/services/biz/b2t/b2t-goods-biz.js:1375:41)
    at normal_reply (/Users/zgl/Documents/kmsp/Branch/Code/node_modules/redis/index.js:726:21)
    at RedisClient.return_reply (/Users/zgl/Documents/kmsp/Branch/Code/node_modules/redis/index.js:824:9)
    at JavascriptRedisParser.returnReply (/Users/zgl/Documents/kmsp/Branch/Code/node_modules/redis/index.js:192:18)
    at JavascriptRedisParser.execute (/Users/zgl/Documents/kmsp/Branch/Code/node_modules/redis-parser/lib/parser.js:574:12)
    at Socket.<anonymous> (/Users/zgl/Documents/kmsp/Branch/Code/node_modules/redis/index.js:274:27)
    at Socket.emit (events.js:159:13)
    at addChunk (_stream_readable.js:265:12)
    at readableAddChunk (_stream_readable.js:252:11)
    at Socket.Readable.push (_stream_readable.js:209:10)
    at TCP.onread (net.js:598:20) statusCode: 400 }
[2018-03-21 09:38:45.581] [ERROR] Error - { Error: 优惠券已被使用
    at Command.redisClient.getKCMSClient.send_command [as callback] (/Users/zgl/Documents/kmsp/Branch/Code/services/biz/b2t/b2t-goods-biz.js:1375:41)
    at normal_reply (/Users/zgl/Documents/kmsp/Branch/Code/node_modules/redis/index.js:726:21)
    at RedisClient.return_reply (/Users/zgl/Documents/kmsp/Branch/Code/node_modules/redis/index.js:824:9)
    at JavascriptRedisParser.returnReply (/Users/zgl/Documents/kmsp/Branch/Code/node_modules/redis/index.js:192:18)
    at JavascriptRedisParser.execute (/Users/zgl/Documents/kmsp/Branch/Code/node_modules/redis-parser/lib/parser.js:574:12)
    at Socket.<anonymous> (/Users/zgl/Documents/kmsp/Branch/Code/node_modules/redis/index.js:274:27)
    at Socket.emit (events.js:159:13)
    at addChunk (_stream_readable.js:265:12)
    at readableAddChunk (_stream_readable.js:252:11)
    at Socket.Readable.push (_stream_readable.js:209:10)
    at TCP.onread (net.js:598:20) statusCode: 400 }
[2018-03-21 09:39:33.620] [ERROR] Error - { Error: 优惠券已经被使用
    at Command.couponLockDao.lockCoupon [as callback] (/Users/zgl/Documents/kmsp/Branch/Code/services/biz/b2t/b2t-goods-biz.js:1121:47)
    at normal_reply (/Users/zgl/Documents/kmsp/Branch/Code/node_modules/redis/index.js:726:21)
    at RedisClient.return_reply (/Users/zgl/Documents/kmsp/Branch/Code/node_modules/redis/index.js:824:9)
    at JavascriptRedisParser.returnReply (/Users/zgl/Documents/kmsp/Branch/Code/node_modules/redis/index.js:192:18)
    at JavascriptRedisParser.execute (/Users/zgl/Documents/kmsp/Branch/Code/node_modules/redis-parser/lib/parser.js:574:12)
    at Socket.<anonymous> (/Users/zgl/Documents/kmsp/Branch/Code/node_modules/redis/index.js:274:27)
    at Socket.emit (events.js:159:13)
    at addChunk (_stream_readable.js:265:12)
    at readableAddChunk (_stream_readable.js:252:11)
    at Socket.Readable.push (_stream_readable.js:209:10)
    at TCP.onread (net.js:598:20) statusCode: 400, code: 10012 }
[2018-03-21 09:40:34.785] [ERROR] Error - { Error: 优惠券已被使用
    at Command.redisClient.getKCMSClient.send_command [as callback] (/Users/zgl/Documents/kmsp/Branch/Code/services/biz/b2t/b2t-goods-biz.js:1375:41)
    at normal_reply (/Users/zgl/Documents/kmsp/Branch/Code/node_modules/redis/index.js:726:21)
    at RedisClient.return_reply (/Users/zgl/Documents/kmsp/Branch/Code/node_modules/redis/index.js:824:9)
    at JavascriptRedisParser.returnReply (/Users/zgl/Documents/kmsp/Branch/Code/node_modules/redis/index.js:192:18)
    at JavascriptRedisParser.execute (/Users/zgl/Documents/kmsp/Branch/Code/node_modules/redis-parser/lib/parser.js:574:12)
    at Socket.<anonymous> (/Users/zgl/Documents/kmsp/Branch/Code/node_modules/redis/index.js:274:27)
    at Socket.emit (events.js:159:13)
    at addChunk (_stream_readable.js:265:12)
    at readableAddChunk (_stream_readable.js:252:11)
    at Socket.Readable.push (_stream_readable.js:209:10)
    at TCP.onread (net.js:598:20) statusCode: 400 }
[2018-03-21 09:59:40.752] [ERROR] Error - { Error: 优惠券已经被使用
    at Command.couponLockDao.lockCoupon [as callback] (/Users/zgl/Documents/kmsp/Branch/Code/services/biz/b2t/b2t-goods-biz.js:1121:47)
    at normal_reply (/Users/zgl/Documents/kmsp/Branch/Code/node_modules/redis/index.js:726:21)
    at RedisClient.return_reply (/Users/zgl/Documents/kmsp/Branch/Code/node_modules/redis/index.js:824:9)
    at JavascriptRedisParser.returnReply (/Users/zgl/Documents/kmsp/Branch/Code/node_modules/redis/index.js:192:18)
    at JavascriptRedisParser.execute (/Users/zgl/Documents/kmsp/Branch/Code/node_modules/redis-parser/lib/parser.js:574:12)
    at Socket.<anonymous> (/Users/zgl/Documents/kmsp/Branch/Code/node_modules/redis/index.js:274:27)
    at Socket.emit (events.js:159:13)
    at addChunk (_stream_readable.js:265:12)
    at readableAddChunk (_stream_readable.js:252:11)
    at Socket.Readable.push (_stream_readable.js:209:10)
    at TCP.onread (net.js:598:20) statusCode: 400, code: 10012 }
[2018-03-21 10:05:27.847] [ERROR] Error - { Error: 优惠券已经被使用
    at Command.couponLockDao.lockCoupon [as callback] (/Users/zgl/Documents/kmsp/Branch/Code/services/biz/b2t/b2t-goods-biz.js:1121:47)
    at normal_reply (/Users/zgl/Documents/kmsp/Branch/Code/node_modules/redis/index.js:726:21)
    at RedisClient.return_reply (/Users/zgl/Documents/kmsp/Branch/Code/node_modules/redis/index.js:824:9)
    at JavascriptRedisParser.returnReply (/Users/zgl/Documents/kmsp/Branch/Code/node_modules/redis/index.js:192:18)
    at JavascriptRedisParser.execute (/Users/zgl/Documents/kmsp/Branch/Code/node_modules/redis-parser/lib/parser.js:574:12)
    at Socket.<anonymous> (/Users/zgl/Documents/kmsp/Branch/Code/node_modules/redis/index.js:274:27)
    at Socket.emit (events.js:159:13)
    at addChunk (_stream_readable.js:265:12)
    at readableAddChunk (_stream_readable.js:252:11)
    at Socket.Readable.push (_stream_readable.js:209:10)
    at TCP.onread (net.js:598:20) statusCode: 400, code: 10012 }
[2018-03-21 11:37:08.538] [ERROR] Error - { Error: 优惠券已经被使用
    at Command.couponLockDao.lockCoupon [as callback] (/Users/zgl/Documents/kmsp/Branch/Code/services/biz/b2t/b2t-goods-biz.js:1121:47)
    at normal_reply (/Users/zgl/Documents/kmsp/Branch/Code/node_modules/redis/index.js:726:21)
    at RedisClient.return_reply (/Users/zgl/Documents/kmsp/Branch/Code/node_modules/redis/index.js:824:9)
    at JavascriptRedisParser.returnReply (/Users/zgl/Documents/kmsp/Branch/Code/node_modules/redis/index.js:192:18)
    at JavascriptRedisParser.execute (/Users/zgl/Documents/kmsp/Branch/Code/node_modules/redis-parser/lib/parser.js:574:12)
    at Socket.<anonymous> (/Users/zgl/Documents/kmsp/Branch/Code/node_modules/redis/index.js:274:27)
    at Socket.emit (events.js:159:13)
    at addChunk (_stream_readable.js:265:12)
    at readableAddChunk (_stream_readable.js:252:11)
    at Socket.Readable.push (_stream_readable.js:209:10)
    at TCP.onread (net.js:598:20) statusCode: 400, code: 10012 }
[2018-03-21 11:37:55.559] [ERROR] Error - { Error: 优惠券已经被使用
    at Command.couponLockDao.lockCoupon [as callback] (/Users/zgl/Documents/kmsp/Branch/Code/services/biz/b2t/b2t-goods-biz.js:1121:47)
    at normal_reply (/Users/zgl/Documents/kmsp/Branch/Code/node_modules/redis/index.js:726:21)
    at RedisClient.return_reply (/Users/zgl/Documents/kmsp/Branch/Code/node_modules/redis/index.js:824:9)
    at JavascriptRedisParser.returnReply (/Users/zgl/Documents/kmsp/Branch/Code/node_modules/redis/index.js:192:18)
    at JavascriptRedisParser.execute (/Users/zgl/Documents/kmsp/Branch/Code/node_modules/redis-parser/lib/parser.js:574:12)
    at Socket.<anonymous> (/Users/zgl/Documents/kmsp/Branch/Code/node_modules/redis/index.js:274:27)
    at Socket.emit (events.js:159:13)
    at addChunk (_stream_readable.js:265:12)
    at readableAddChunk (_stream_readable.js:252:11)
    at Socket.Readable.push (_stream_readable.js:209:10)
    at TCP.onread (net.js:598:20) statusCode: 400, code: 10012 }
[2018-03-21 13:44:31.130] [ERROR] Error - { Error: 优惠券已经被使用
    at Command.couponLockDao.lockCoupon [as callback] (/Users/zgl/Documents/kmsp/Branch/Code/services/biz/b2t/b2t-goods-biz.js:1121:47)
    at normal_reply (/Users/zgl/Documents/kmsp/Branch/Code/node_modules/redis/index.js:726:21)
    at RedisClient.return_reply (/Users/zgl/Documents/kmsp/Branch/Code/node_modules/redis/index.js:824:9)
    at JavascriptRedisParser.returnReply (/Users/zgl/Documents/kmsp/Branch/Code/node_modules/redis/index.js:192:18)
    at JavascriptRedisParser.execute (/Users/zgl/Documents/kmsp/Branch/Code/node_modules/redis-parser/lib/parser.js:574:12)
    at Socket.<anonymous> (/Users/zgl/Documents/kmsp/Branch/Code/node_modules/redis/index.js:274:27)
    at Socket.emit (events.js:159:13)
    at addChunk (_stream_readable.js:265:12)
    at readableAddChunk (_stream_readable.js:252:11)
    at Socket.Readable.push (_stream_readable.js:209:10)
    at TCP.onread (net.js:598:20) statusCode: 400, code: 10012 }
[2018-03-21 19:55:21.349] [ERROR] Error - { Error: 访问未授权.
    at AuthBackCtrl.getTokenObj (/Users/zgl/Documents/kmsp/Branch/Code/api/controllers/auth-back-ctrl.js:51:29)
    at Function.getTokenObj (/Users/zgl/Documents/kmsp/Branch/Code/api/controllers/auth-back-ctrl.js:77:16)
    at Function.auth (/Users/zgl/Documents/kmsp/Branch/Code/api/controllers/auth-back-ctrl.js:37:22)
    at Function.auth (/Users/zgl/Documents/kmsp/Branch/Code/api/controllers/auth-ctrl.js:49:30)
    at funs (/Users/zgl/Documents/kmsp/Branch/Code/framework/httpServer/routes/router.js:63:26)
    at Layer.handle [as handle_request] (/Users/zgl/Documents/kmsp/Branch/Code/node_modules/express/lib/router/layer.js:95:5)
    at next (/Users/zgl/Documents/kmsp/Branch/Code/node_modules/express/lib/router/route.js:131:13)
    at listener (/Users/zgl/Documents/kmsp/Branch/Code/framework/httpServer/routes/router.js:151:9)
    at Layer.handle [as handle_request] (/Users/zgl/Documents/kmsp/Branch/Code/node_modules/express/lib/router/layer.js:95:5)
    at next (/Users/zgl/Documents/kmsp/Branch/Code/node_modules/express/lib/router/route.js:131:13)
    at Route.dispatch (/Users/zgl/Documents/kmsp/Branch/Code/node_modules/express/lib/router/route.js:112:3)
    at Layer.handle [as handle_request] (/Users/zgl/Documents/kmsp/Branch/Code/node_modules/express/lib/router/layer.js:95:5)
    at /Users/zgl/Documents/kmsp/Branch/Code/node_modules/express/lib/router/index.js:277:22
    at Function.process_params (/Users/zgl/Documents/kmsp/Branch/Code/node_modules/express/lib/router/index.js:330:12)
    at next (/Users/zgl/Documents/kmsp/Branch/Code/node_modules/express/lib/router/index.js:271:10)
    at Function.handle (/Users/zgl/Documents/kmsp/Branch/Code/node_modules/express/lib/router/index.js:176:3) statusCode: 401 }
[2018-03-21 20:23:02.356] [ERROR] Error - { Error: Not Found
    at module.exports (/Users/zgl/Documents/kmsp/Branch/Code/framework/httpServer/routes/router-not-found.js:12:10)
    at Layer.handle [as handle_request] (/Users/zgl/Documents/kmsp/Branch/Code/node_modules/express/lib/router/layer.js:95:5)
    at trim_prefix (/Users/zgl/Documents/kmsp/Branch/Code/node_modules/express/lib/router/index.js:312:13)
    at /Users/zgl/Documents/kmsp/Branch/Code/node_modules/express/lib/router/index.js:280:7
    at Function.process_params (/Users/zgl/Documents/kmsp/Branch/Code/node_modules/express/lib/router/index.js:330:12)
    at next (/Users/zgl/Documents/kmsp/Branch/Code/node_modules/express/lib/router/index.js:271:10)
    at /Users/zgl/Documents/kmsp/Branch/Code/node_modules/express/lib/router/index.js:618:15
    at next (/Users/zgl/Documents/kmsp/Branch/Code/node_modules/express/lib/router/index.js:256:14)
    at Function.handle (/Users/zgl/Documents/kmsp/Branch/Code/node_modules/express/lib/router/index.js:176:3)
    at router (/Users/zgl/Documents/kmsp/Branch/Code/node_modules/express/lib/router/index.js:46:12)
    at Layer.handle [as handle_request] (/Users/zgl/Documents/kmsp/Branch/Code/node_modules/express/lib/router/layer.js:95:5)
    at trim_prefix (/Users/zgl/Documents/kmsp/Branch/Code/node_modules/express/lib/router/index.js:312:13)
    at /Users/zgl/Documents/kmsp/Branch/Code/node_modules/express/lib/router/index.js:280:7
    at Function.process_params (/Users/zgl/Documents/kmsp/Branch/Code/node_modules/express/lib/router/index.js:330:12)
    at next (/Users/zgl/Documents/kmsp/Branch/Code/node_modules/express/lib/router/index.js:271:10)
    at /Users/zgl/Documents/kmsp/Branch/Code/node_modules/express/lib/router/index.js:618:15 statusCode: 404, code: 404 }
[2018-03-21 20:23:25.301] [ERROR] Error - { Error: 访问未授权.
    at Function.auth (/Users/zgl/Documents/kmsp/Branch/Code/api/controllers/auth-back-ctrl.js:35:25)
    at Function.auth (/Users/zgl/Documents/kmsp/Branch/Code/api/controllers/auth-ctrl.js:40:26)
    at funs (/Users/zgl/Documents/kmsp/Branch/Code/framework/httpServer/routes/router.js:63:26)
    at Layer.handle [as handle_request] (/Users/zgl/Documents/kmsp/Branch/Code/node_modules/express/lib/router/layer.js:95:5)
    at next (/Users/zgl/Documents/kmsp/Branch/Code/node_modules/express/lib/router/route.js:131:13)
    at listener (/Users/zgl/Documents/kmsp/Branch/Code/framework/httpServer/routes/router.js:151:9)
    at Layer.handle [as handle_request] (/Users/zgl/Documents/kmsp/Branch/Code/node_modules/express/lib/router/layer.js:95:5)
    at next (/Users/zgl/Documents/kmsp/Branch/Code/node_modules/express/lib/router/route.js:131:13)
    at Route.dispatch (/Users/zgl/Documents/kmsp/Branch/Code/node_modules/express/lib/router/route.js:112:3)
    at Layer.handle [as handle_request] (/Users/zgl/Documents/kmsp/Branch/Code/node_modules/express/lib/router/layer.js:95:5)
    at /Users/zgl/Documents/kmsp/Branch/Code/node_modules/express/lib/router/index.js:277:22
    at Function.process_params (/Users/zgl/Documents/kmsp/Branch/Code/node_modules/express/lib/router/index.js:330:12)
    at next (/Users/zgl/Documents/kmsp/Branch/Code/node_modules/express/lib/router/index.js:271:10)
    at Function.handle (/Users/zgl/Documents/kmsp/Branch/Code/node_modules/express/lib/router/index.js:176:3)
    at router (/Users/zgl/Documents/kmsp/Branch/Code/node_modules/express/lib/router/index.js:46:12)
    at Layer.handle [as handle_request] (/Users/zgl/Documents/kmsp/Branch/Code/node_modules/express/lib/router/layer.js:95:5) statusCode: 401 }
[2018-03-21 20:23:42.972] [ERROR] Error - { Error: 访问未授权.
    at Function.auth (/Users/zgl/Documents/kmsp/Branch/Code/api/controllers/auth-back-ctrl.js:35:25)
    at Function.auth (/Users/zgl/Documents/kmsp/Branch/Code/api/controllers/auth-ctrl.js:40:26)
    at funs (/Users/zgl/Documents/kmsp/Branch/Code/framework/httpServer/routes/router.js:63:26)
    at Layer.handle [as handle_request] (/Users/zgl/Documents/kmsp/Branch/Code/node_modules/express/lib/router/layer.js:95:5)
    at next (/Users/zgl/Documents/kmsp/Branch/Code/node_modules/express/lib/router/route.js:131:13)
    at listener (/Users/zgl/Documents/kmsp/Branch/Code/framework/httpServer/routes/router.js:151:9)
    at Layer.handle [as handle_request] (/Users/zgl/Documents/kmsp/Branch/Code/node_modules/express/lib/router/layer.js:95:5)
    at next (/Users/zgl/Documents/kmsp/Branch/Code/node_modules/express/lib/router/route.js:131:13)
    at Route.dispatch (/Users/zgl/Documents/kmsp/Branch/Code/node_modules/express/lib/router/route.js:112:3)
    at Layer.handle [as handle_request] (/Users/zgl/Documents/kmsp/Branch/Code/node_modules/express/lib/router/layer.js:95:5)
    at /Users/zgl/Documents/kmsp/Branch/Code/node_modules/express/lib/router/index.js:277:22
    at Function.process_params (/Users/zgl/Documents/kmsp/Branch/Code/node_modules/express/lib/router/index.js:330:12)
    at next (/Users/zgl/Documents/kmsp/Branch/Code/node_modules/express/lib/router/index.js:271:10)
    at Function.handle (/Users/zgl/Documents/kmsp/Branch/Code/node_modules/express/lib/router/index.js:176:3)
    at router (/Users/zgl/Documents/kmsp/Branch/Code/node_modules/express/lib/router/index.js:46:12)
    at Layer.handle [as handle_request] (/Users/zgl/Documents/kmsp/Branch/Code/node_modules/express/lib/router/layer.js:95:5) statusCode: 401 }
[2018-03-21 20:23:57.222] [ERROR] Error - { Error: ER_TRUNCATED_WRONG_VALUE_FOR_FIELD: Incorrect integer value: '' for column 'sort' at row 1
    at Query.Sequence._packetToError (/Users/zgl/Documents/kmsp/Branch/Code/node_modules/mysql/lib/protocol/sequences/Sequence.js:52:14)
    at Query.ErrorPacket (/Users/zgl/Documents/kmsp/Branch/Code/node_modules/mysql/lib/protocol/sequences/Query.js:77:18)
    at Protocol._parsePacket (/Users/zgl/Documents/kmsp/Branch/Code/node_modules/mysql/lib/protocol/Protocol.js:279:23)
    at Parser.write (/Users/zgl/Documents/kmsp/Branch/Code/node_modules/mysql/lib/protocol/Parser.js:76:12)
    at Protocol.write (/Users/zgl/Documents/kmsp/Branch/Code/node_modules/mysql/lib/protocol/Protocol.js:39:16)
    at Socket.<anonymous> (/Users/zgl/Documents/kmsp/Branch/Code/node_modules/mysql/lib/Connection.js:103:28)
    at Socket.emit (events.js:159:13)
    at addChunk (_stream_readable.js:265:12)
    at readableAddChunk (_stream_readable.js:252:11)
    at Socket.Readable.push (_stream_readable.js:209:10)
    at TCP.onread (net.js:598:20)
    --------------------
    at Protocol._enqueue (/Users/zgl/Documents/kmsp/Branch/Code/node_modules/mysql/lib/protocol/Protocol.js:145:48)
    at PoolConnection.query (/Users/zgl/Documents/kmsp/Branch/Code/node_modules/mysql/lib/Connection.js:208:25)
    at Promise (/Users/zgl/Documents/kmsp/Branch/Code/services/data/adverti-dao.js:246:24)
    at Promise._execute (/Users/zgl/Documents/kmsp/Branch/Code/node_modules/bluebird/js/release/debuggability.js:303:9)
    at Promise._resolveFromExecutor (/Users/zgl/Documents/kmsp/Branch/Code/node_modules/bluebird/js/release/promise.js:483:18)
    at new Promise (/Users/zgl/Documents/kmsp/Branch/Code/node_modules/bluebird/js/release/promise.js:79:10)
    at Function.addAdvertisement (/Users/zgl/Documents/kmsp/Branch/Code/services/data/adverti-dao.js:245:16)
    at /Users/zgl/Documents/kmsp/Branch/Code/services/biz/adverti-biz.js:114:39
    at nextTask (/Users/zgl/Documents/kmsp/Branch/Code/node_modules/async/dist/async.js:5310:14)
    at next (/Users/zgl/Documents/kmsp/Branch/Code/node_modules/async/dist/async.js:5317:9)
    at /Users/zgl/Documents/kmsp/Branch/Code/node_modules/async/dist/async.js:958:16
    at tryCatcher (/Users/zgl/Documents/kmsp/Branch/Code/node_modules/bluebird/js/release/util.js:16:23)
    at Promise.successAdapter [as _fulfillmentHandler0] (/Users/zgl/Documents/kmsp/Branch/Code/node_modules/bluebird/js/release/nodeify.js:23:30)
    at Promise._settlePromise (/Users/zgl/Documents/kmsp/Branch/Code/node_modules/bluebird/js/release/promise.js:566:21)
    at Promise._settlePromise0 (/Users/zgl/Documents/kmsp/Branch/Code/node_modules/bluebird/js/release/promise.js:614:10)
    at Promise._settlePromises (/Users/zgl/Documents/kmsp/Branch/Code/node_modules/bluebird/js/release/promise.js:693:18)
  code: 'ER_TRUNCATED_WRONG_VALUE_FOR_FIELD',
  errno: 1366,
  sqlMessage: 'Incorrect integer value: \'\' for column \'sort\' at row 1',
  sqlState: 'HY000',
  index: 0,
  sql: 'INSERT INTO `market_advertisement` (`advertisement_id`,`advertisement_name`,`advertising_id`,`url_type`,`url_content_id`,`img_url`,`begin_time`,`end_time`,`advertisement_html`,`advertisement_user`,`clicks`,`visibility`,`sort`,`createtime`,`isDelete`) VALUES  (uuid(),\'发射发\',\'adsi3100000000007\',\'1\',\'column3100000000025\',\'http://256628670.kmsp.biaoxiaoxu.cn/userdatas/256628670_kmsp_biaoxiaoxu_cn/public_html/runtime/uploads/kmsp/image/5575_4694f226efba8a950a27032430fc96ad.gif\',\'2018-03-20 00:00:00\',\'2018-03-28 00:00:00\',NULL,256628670,0,\'1\',\'\',NOW(),0)' }
[2018-03-21 20:34:40.678] [ERROR] Error - ReferenceError: queryParams is not defined
    at Function.checkParams (/Users/zgl/Documents/kmsp/Branch/Code/services/biz/adverti-biz.js:201:30)
    at /Users/zgl/Documents/kmsp/Branch/Code/api/controllers/adverti-ctrl.js:47:28
    at nextTask (/Users/zgl/Documents/kmsp/Branch/Code/node_modules/async/dist/async.js:5310:14)
    at Object.waterfall (/Users/zgl/Documents/kmsp/Branch/Code/node_modules/async/dist/async.js:5320:5)
    at saveAdvertising (/Users/zgl/Documents/kmsp/Branch/Code/api/controllers/adverti-ctrl.js:44:15)
    at Layer.handle [as handle_request] (/Users/zgl/Documents/kmsp/Branch/Code/node_modules/express/lib/router/layer.js:95:5)
    at next (/Users/zgl/Documents/kmsp/Branch/Code/node_modules/express/lib/router/route.js:131:13)
    at funs (/Users/zgl/Documents/kmsp/Branch/Code/framework/httpServer/routes/router.js:129:24)
    at Layer.handle [as handle_request] (/Users/zgl/Documents/kmsp/Branch/Code/node_modules/express/lib/router/layer.js:95:5)
    at next (/Users/zgl/Documents/kmsp/Branch/Code/node_modules/express/lib/router/route.js:131:13)
    at funs (/Users/zgl/Documents/kmsp/Branch/Code/framework/httpServer/routes/router.js:69:21)
    at Layer.handle [as handle_request] (/Users/zgl/Documents/kmsp/Branch/Code/node_modules/express/lib/router/layer.js:95:5)
    at next (/Users/zgl/Documents/kmsp/Branch/Code/node_modules/express/lib/router/route.js:131:13)
    at AuthBackCtrl.getTokenObj (/Users/zgl/Documents/kmsp/Branch/Code/api/controllers/auth-back-ctrl.js:53:24)
    at Function.getTokenObj (/Users/zgl/Documents/kmsp/Branch/Code/api/controllers/auth-back-ctrl.js:77:16)
    at Function.auth (/Users/zgl/Documents/kmsp/Branch/Code/api/controllers/auth-back-ctrl.js:37:22)
[2018-03-21 20:35:21.473] [ERROR] Error - { Error: 该广告位置已存在
    at advertiDAO.queryOneAdvertising (/Users/zgl/Documents/kmsp/Branch/Code/services/biz/adverti-biz.js:226:39)
    at tryCatcher (/Users/zgl/Documents/kmsp/Branch/Code/node_modules/bluebird/js/release/util.js:16:23)
    at Promise.successAdapter [as _fulfillmentHandler0] (/Users/zgl/Documents/kmsp/Branch/Code/node_modules/bluebird/js/release/nodeify.js:23:30)
    at Promise._settlePromise (/Users/zgl/Documents/kmsp/Branch/Code/node_modules/bluebird/js/release/promise.js:566:21)
    at Promise._settlePromise0 (/Users/zgl/Documents/kmsp/Branch/Code/node_modules/bluebird/js/release/promise.js:614:10)
    at Promise._settlePromises (/Users/zgl/Documents/kmsp/Branch/Code/node_modules/bluebird/js/release/promise.js:693:18)
    at Async._drainQueue (/Users/zgl/Documents/kmsp/Branch/Code/node_modules/bluebird/js/release/async.js:133:16)
    at Async._drainQueues (/Users/zgl/Documents/kmsp/Branch/Code/node_modules/bluebird/js/release/async.js:143:10)
    at Immediate.Async.drainQueues [as _onImmediate] (/Users/zgl/Documents/kmsp/Branch/Code/node_modules/bluebird/js/release/async.js:17:14)
    at runCallback (timers.js:800:20)
    at tryOnImmediate (timers.js:762:5)
    at processImmediate [as _immediateCallback] (timers.js:733:5) statusCode: 400, param: undefined }
[2018-03-21 20:38:11.961] [ERROR] Error - { Error: 该广告位置已存在
    at advertiDAO.queryOneAdvertising (/Users/zgl/Documents/kmsp/Branch/Code/services/biz/adverti-biz.js:226:39)
    at tryCatcher (/Users/zgl/Documents/kmsp/Branch/Code/node_modules/bluebird/js/release/util.js:16:23)
    at Promise.successAdapter [as _fulfillmentHandler0] (/Users/zgl/Documents/kmsp/Branch/Code/node_modules/bluebird/js/release/nodeify.js:23:30)
    at Promise._settlePromise (/Users/zgl/Documents/kmsp/Branch/Code/node_modules/bluebird/js/release/promise.js:566:21)
    at Promise._settlePromise0 (/Users/zgl/Documents/kmsp/Branch/Code/node_modules/bluebird/js/release/promise.js:614:10)
    at Promise._settlePromises (/Users/zgl/Documents/kmsp/Branch/Code/node_modules/bluebird/js/release/promise.js:693:18)
    at Async._drainQueue (/Users/zgl/Documents/kmsp/Branch/Code/node_modules/bluebird/js/release/async.js:133:16)
    at Async._drainQueues (/Users/zgl/Documents/kmsp/Branch/Code/node_modules/bluebird/js/release/async.js:143:10)
    at Immediate.Async.drainQueues [as _onImmediate] (/Users/zgl/Documents/kmsp/Branch/Code/node_modules/bluebird/js/release/async.js:17:14)
    at runCallback (timers.js:800:20)
    at tryOnImmediate (timers.js:762:5)
    at processImmediate [as _immediateCallback] (timers.js:733:5) statusCode: 400, param: undefined }
