[2018-03-28 13:41:33.389] [ERROR] Error - TypeError: Cannot read property 'shopping_card_no' of undefined
    at Promise (/Users/zgl/Documents/kmsp/Branch/Code/services/biz/b2t/b2t-goods-biz.js:1235:53)
    at Promise._execute (/Users/zgl/Documents/kmsp/Branch/Code/node_modules/bluebird/js/release/debuggability.js:303:9)
    at Promise._resolveFromExecutor (/Users/zgl/Documents/kmsp/Branch/Code/node_modules/bluebird/js/release/promise.js:483:18)
    at new Promise (/Users/zgl/Documents/kmsp/Branch/Code/node_modules/bluebird/js/release/promise.js:79:10)
    at Function.callCheckOrder (/Users/zgl/Documents/kmsp/Branch/Code/services/biz/b2t/b2t-goods-biz.js:1216:16)
    at Promise (/Users/zgl/Documents/kmsp/Branch/Code/services/biz/b2t/b2t-goods-biz.js:1112:25)
    at Promise._execute (/Users/zgl/Documents/kmsp/Branch/Code/node_modules/bluebird/js/release/debuggability.js:303:9)
    at Promise._resolveFromExecutor (/Users/zgl/Documents/kmsp/Branch/Code/node_modules/bluebird/js/release/promise.js:483:18)
    at new Promise (/Users/zgl/Documents/kmsp/Branch/Code/node_modules/bluebird/js/release/promise.js:79:10)
    at Function.callCreateOrderAPI (/Users/zgl/Documents/kmsp/Branch/Code/services/biz/b2t/b2t-goods-biz.js:1111:16)
    at b2tGoodsDao.addB2tGroup.then._b2tGroupInfo (/Users/zgl/Documents/kmsp/Branch/Code/services/biz/b2t/b2t-goods-biz.js:869:40)
    at tryCatcher (/Users/zgl/Documents/kmsp/Branch/Code/node_modules/bluebird/js/release/util.js:16:23)
    at Promise._settlePromiseFromHandler (/Users/zgl/Documents/kmsp/Branch/Code/node_modules/bluebird/js/release/promise.js:512:31)
    at Promise._settlePromise (/Users/zgl/Documents/kmsp/Branch/Code/node_modules/bluebird/js/release/promise.js:569:18)
    at Promise._settlePromise0 (/Users/zgl/Documents/kmsp/Branch/Code/node_modules/bluebird/js/release/promise.js:614:10)
    at Promise._settlePromises (/Users/zgl/Documents/kmsp/Branch/Code/node_modules/bluebird/js/release/promise.js:693:18)
[2018-03-28 13:43:21.446] [ERROR] Error - TypeError: Cannot read property 'shopping_card_no' of undefined
    at Promise (/Users/zgl/Documents/kmsp/Branch/Code/services/biz/b2t/b2t-goods-biz.js:1235:53)
    at Promise._execute (/Users/zgl/Documents/kmsp/Branch/Code/node_modules/bluebird/js/release/debuggability.js:303:9)
    at Promise._resolveFromExecutor (/Users/zgl/Documents/kmsp/Branch/Code/node_modules/bluebird/js/release/promise.js:483:18)
    at new Promise (/Users/zgl/Documents/kmsp/Branch/Code/node_modules/bluebird/js/release/promise.js:79:10)
    at Function.callCheckOrder (/Users/zgl/Documents/kmsp/Branch/Code/services/biz/b2t/b2t-goods-biz.js:1216:16)
    at Promise (/Users/zgl/Documents/kmsp/Branch/Code/services/biz/b2t/b2t-goods-biz.js:1112:25)
    at Promise._execute (/Users/zgl/Documents/kmsp/Branch/Code/node_modules/bluebird/js/release/debuggability.js:303:9)
    at Promise._resolveFromExecutor (/Users/zgl/Documents/kmsp/Branch/Code/node_modules/bluebird/js/release/promise.js:483:18)
    at new Promise (/Users/zgl/Documents/kmsp/Branch/Code/node_modules/bluebird/js/release/promise.js:79:10)
    at Function.callCreateOrderAPI (/Users/zgl/Documents/kmsp/Branch/Code/services/biz/b2t/b2t-goods-biz.js:1111:16)
    at b2tGoodsDao.addB2tGroup.then._b2tGroupInfo (/Users/zgl/Documents/kmsp/Branch/Code/services/biz/b2t/b2t-goods-biz.js:869:40)
    at tryCatcher (/Users/zgl/Documents/kmsp/Branch/Code/node_modules/bluebird/js/release/util.js:16:23)
    at Promise._settlePromiseFromHandler (/Users/zgl/Documents/kmsp/Branch/Code/node_modules/bluebird/js/release/promise.js:512:31)
    at Promise._settlePromise (/Users/zgl/Documents/kmsp/Branch/Code/node_modules/bluebird/js/release/promise.js:569:18)
    at Promise._settlePromise0 (/Users/zgl/Documents/kmsp/Branch/Code/node_modules/bluebird/js/release/promise.js:614:10)
    at Promise._settlePromises (/Users/zgl/Documents/kmsp/Branch/Code/node_modules/bluebird/js/release/promise.js:693:18)
[2018-03-28 13:45:43.547] [ERROR] Error - { Error: 优惠券已经被使用
    at Command.couponLockDao.lockCoupon [as callback] (/Users/zgl/Documents/kmsp/Branch/Code/services/biz/b2t/b2t-goods-biz.js:1133:55)
    at normal_reply (/Users/zgl/Documents/kmsp/Branch/Code/node_modules/redis/index.js:726:21)
    at RedisClient.return_reply (/Users/zgl/Documents/kmsp/Branch/Code/node_modules/redis/index.js:824:9)
    at JavascriptRedisParser.returnReply (/Users/zgl/Documents/kmsp/Branch/Code/node_modules/redis/index.js:192:18)
    at JavascriptRedisParser.execute (/Users/zgl/Documents/kmsp/Branch/Code/node_modules/redis-parser/lib/parser.js:574:12)
    at Socket.<anonymous> (/Users/zgl/Documents/kmsp/Branch/Code/node_modules/redis/index.js:274:27)
    at Socket.emit (events.js:159:13)
    at addChunk (_stream_readable.js:265:12)
    at readableAddChunk (_stream_readable.js:252:11)
    at Socket.Readable.push (_stream_readable.js:209:10)
    at TCP.onread (net.js:598:20) statusCode: 400, code: 10012 }
